<?xml version="1.0" encoding="utf-8"?>
<coverage line-rate="0.8376" branch-rate="0.7887000000000001" version="1.9" timestamp="1781188505" lines-covered="779" lines-valid="930" branches-covered="295" branches-valid="374">
  <sources>
    <source>/home/user/Outlet-Cloud/src/</source>
  </sources>
  <packages>
    <package name="Outlet.Crm.Domain" line-rate="0.9751000000000001" branch-rate="0.9768000000000001" complexity="536">
      <classes>
        <class name="Outlet.Crm.Domain.Traffic.DailyTrafficPoint" filename="Crm/Outlet.Crm.Domain/Traffic/DailyTraffic.cs" line-rate="1" branch-rate="1" complexity="1">
          <methods>
            <method name="get_Date" signature="()" line-rate="1" branch-rate="1" complexity="1">
              <lines>
                <line number="3" hits="704" branch="False" />
              </lines>
            </method>
          </methods>
          <lines>
            <line number="3" hits="704" branch="False" />
          </lines>
        </class>
        <class name="Outlet.Crm.Domain.Traffic.TrafficCount" filename="Crm/Outlet.Crm.Domain/Traffic/DailyTraffic.cs" line-rate="1" branch-rate="1" complexity="1">
          <methods>
            <method name="get_Key" signature="()" line-rate="1" branch-rate="1" complexity="1">
              <lines>
                <line number="5" hits="158" branch="False" />
              </lines>
            </method>
          </methods>
          <lines>
            <line number="5" hits="158" branch="False" />
          </lines>
        </class>
        <class name="Outlet.Crm.Domain.Traffic.DailyTrafficReport" filename="Crm/Outlet.Crm.Domain/Traffic/DailyTraffic.cs" line-rate="1" branch-rate="1" complexity="7">
          <methods>
            <method name="get_From" signature="()" line-rate="1" branch-rate="1" complexity="1">
              <lines>
                <line number="8" hits="1" branch="False" />
              </lines>
            </method>
            <method name="get_To" signature="()" line-rate="1" branch-rate="1" complexity="1">
              <lines>
                <line number="9" hits="1" branch="False" />
              </lines>
            </method>
            <method name="get_TotalPageViews" signature="()" line-rate="1" branch-rate="1" complexity="1">
              <lines>
                <line number="10" hits="39" branch="False" />
              </lines>
            </method>
            <method name="get_Days" signature="()" line-rate="1" branch-rate="1" complexity="1">
              <lines>
                <line number="11" hits="3" branch="False" />
              </lines>
            </method>
            <method name="get_TopPaths" signature="()" line-rate="1" branch-rate="1" complexity="1">
              <lines>
                <line number="12" hits="5" branch="False" />
              </lines>
            </method>
            <method name="get_TopReferrers" signature="()" line-rate="1" branch-rate="1" complexity="1">
              <lines>
                <line number="13" hits="44" branch="False" />
              </lines>
            </method>
            <method name=".ctor" signature="(System.DateOnly,System.DateOnly,System.Int64,System.Collections.Generic.IReadOnlyList`1&lt;Outlet.Crm.Domain.Traffic.DailyTrafficPoint&gt;,System.Collections.Generic.IReadOnlyList`1&lt;Outlet.Crm.Domain.Traffic.TrafficCount&gt;,System.Collections.Generic.IReadOnlyList`1&lt;Outlet.Crm.Domain.Traffic.TrafficCount&gt;)" line-rate="1" branch-rate="1" complexity="1">
              <lines>
                <line number="7" hits="42" branch="False" />
              </lines>
            </method>
          </methods>
          <lines>
            <line number="8" hits="1" branch="False" />
            <line number="9" hits="1" branch="False" />
            <line number="10" hits="39" branch="False" />
            <line number="11" hits="3" branch="False" />
            <line number="12" hits="5" branch="False" />
            <line number="13" hits="44" branch="False" />
            <line number="7" hits="42" branch="False" />
          </lines>
        </class>
        <class name="Outlet.Crm.Domain.Traffic.DailyTraffic" filename="Crm/Outlet.Crm.Domain/Traffic/DailyTraffic.cs" line-rate="1" branch-rate="1" complexity="5">
          <methods>
            <method name="Compute" signature="(System.Collections.Generic.IEnumerable`1&lt;Outlet.Crm.Domain.Traffic.TrafficSample&gt;,System.DateOnly,System.DateOnly)" line-rate="1" branch-rate="1" complexity="4">
              <lines>
                <line number="26" hits="42" branch="False" />
                <line number="27" hits="42" branch="False" />
                <line number="28" hits="73" branch="False" />
                <line number="29" hits="73" branch="True" condition-coverage="100% (2/2)">
                  <conditions>
                    <condition number="24" type="jump" coverage="100%" />
                  </conditions>
                </line>
                <line number="30" hits="42" branch="False" />
                <line number="32" hits="42" branch="False" />
                <line number="33" hits="1480" branch="True" condition-coverage="100% (2/2)">
                  <conditions>
                    <condition number="132" type="jump" coverage="100%" />
                  </conditions>
                </line>
                <line number="35" hits="698" branch="False" />
                <line number="36" hits="1283" branch="False" />
                <line number="39" hits="42" branch="False" />
                <line number="40" hits="42" branch="False" />
                <line number="41" hits="42" branch="False" />
                <line number="42" hits="42" branch="False" />
                <line number="43" hits="42" branch="False" />
                <line number="44" hits="50" branch="False" />
                <line number="45" hits="92" branch="False" />
              </lines>
            </method>
            <method name="Top" signature="(System.Collections.Generic.IEnumerable`1&lt;System.String&gt;)" line-rate="1" branch-rate="1" complexity="1">
              <lines>
                <line number="49" hits="84" branch="False" />
                <line number="50" hits="100" branch="False" />
                <line number="51" hits="47" branch="False" />
                <line number="52" hits="47" branch="False" />
                <line number="53" hits="47" branch="False" />
                <line number="54" hits="84" branch="False" />
              </lines>
            </method>
          </methods>
          <lines>
            <line number="26" hits="42" branch="False" />
            <line number="27" hits="42" branch="False" />
            <line number="28" hits="73" branch="False" />
            <line number="29" hits="73" branch="True" condition-coverage="100% (2/2)">
              <conditions>
                <condition number="24" type="jump" coverage="100%" />
              </conditions>
            </line>
            <line number="30" hits="42" branch="False" />
            <line number="32" hits="42" branch="False" />
            <line number="33" hits="1480" branch="True" condition-coverage="100% (2/2)">
              <conditions>
                <condition number="132" type="jump" coverage="100%" />
              </conditions>
            </line>
            <line number="35" hits="698" branch="False" />
            <line number="36" hits="1283" branch="False" />
            <line number="39" hits="42" branch="False" />
            <line number="40" hits="42" branch="False" />
            <line number="41" hits="42" branch="False" />
            <line number="42" hits="42" branch="False" />
            <line number="43" hits="42" branch="False" />
            <line number="44" hits="50" branch="False" />
            <line number="45" hits="92" branch="False" />
            <line number="49" hits="84" branch="False" />
            <line number="50" hits="100" branch="False" />
            <line number="51" hits="47" branch="False" />
            <line number="52" hits="47" branch="False" />
            <line number="53" hits="47" branch="False" />
            <line number="54" hits="84" branch="False" />
          </lines>
        </class>
        <class name="Outlet.Crm.Domain.Traffic.ReferrerSource" filename="Crm/Outlet.Crm.Domain/Traffic/ReferrerSource.cs" line-rate="1" branch-rate="0.95" complexity="60">
          <methods>
            <method name="Normalize" signature="(System.String)" line-rate="1" branch-rate="1" complexity="8">
              <lines>
                <line number="14" hits="57" branch="True" condition-coverage="100% (2/2)">
                  <conditions>
                    <condition number="6" type="jump" coverage="100%" />
                  </conditions>
                </line>
                <line number="16" hits="42" branch="False" />
                <line number="19" hits="15" branch="False" />
                <line number="20" hits="15" branch="True" condition-coverage="100% (4/4)">
                  <conditions>
                    <condition number="30" type="jump" coverage="100%" />
                    <condition number="44" type="jump" coverage="100%" />
                  </conditions>
                </line>
                <line number="21" hits="15" branch="False" />
                <line number="22" hits="15" branch="False" />
                <line number="24" hits="15" branch="False" />
                <line number="25" hits="15" branch="True" condition-coverage="100% (2/2)">
                  <conditions>
                    <condition number="75" type="jump" coverage="100%" />
                  </conditions>
                </line>
                <line number="27" hits="5" branch="False" />
                <line number="30" hits="15" branch="False" />
              </lines>
            </method>
            <method name="MapKnownHost" signature="(System.String)" line-rate="1" branch-rate="0.9423" complexity="52">
              <lines>
                <line number="35" hits="15" branch="True" condition-coverage="100% (2/2)">
                  <conditions>
                    <condition number="12" type="jump" coverage="100%" />
                  </conditions>
                </line>
                <line number="37" hits="4" branch="False" />
                <line number="40" hits="11" branch="True" condition-coverage="94% (47/50)">
                  <conditions>
                    <condition number="21" type="jump" coverage="100%" />
                    <condition number="36" type="switch" coverage="94.44%" />
                    <condition number="125" type="jump" coverage="50%" />
                    <condition number="148" type="jump" coverage="100%" />
                    <condition number="130" type="jump" coverage="50%" />
                    <condition number="153" type="jump" coverage="100%" />
                    <condition number="171" type="jump" coverage="100%" />
                    <condition number="213" type="jump" coverage="100%" />
                    <condition number="234" type="jump" coverage="100%" />
                    <condition number="276" type="jump" coverage="100%" />
                    <condition number="192" type="jump" coverage="100%" />
                    <condition number="255" type="jump" coverage="100%" />
                    <condition number="294" type="jump" coverage="100%" />
                    <condition number="309" type="jump" coverage="100%" />
                    <condition number="324" type="jump" coverage="100%" />
                    <condition number="339" type="jump" coverage="100%" />
                    <condition number="354" type="jump" coverage="100%" />
                  </conditions>
                </line>
                <line number="41" hits="11" branch="False" />
                <line number="42" hits="1" branch="False" />
                <line number="43" hits="1" branch="False" />
                <line number="44" hits="1" branch="False" />
                <line number="45" hits="1" branch="False" />
                <line number="46" hits="1" branch="False" />
                <line number="47" hits="2" branch="False" />
                <line number="48" hits="1" branch="False" />
                <line number="49" hits="3" branch="False" />
                <line number="50" hits="11" branch="False" />
              </lines>
            </method>
          </methods>
          <lines>
            <line number="14" hits="57" branch="True" condition-coverage="100% (2/2)">
              <conditions>
                <condition number="6" type="jump" coverage="100%" />
              </conditions>
            </line>
            <line number="16" hits="42" branch="False" />
            <line number="19" hits="15" branch="False" />
            <line number="20" hits="15" branch="True" condition-coverage="100% (4/4)">
              <conditions>
                <condition number="30" type="jump" coverage="100%" />
                <condition number="44" type="jump" coverage="100%" />
              </conditions>
            </line>
            <line number="21" hits="15" branch="False" />
            <line number="22" hits="15" branch="False" />
            <line number="24" hits="15" branch="False" />
            <line number="25" hits="15" branch="True" condition-coverage="100% (2/2)">
              <conditions>
                <condition number="75" type="jump" coverage="100%" />
              </conditions>
            </line>
            <line number="27" hits="5" branch="False" />
            <line number="30" hits="15" branch="False" />
            <line number="35" hits="15" branch="True" condition-coverage="100% (2/2)">
              <conditions>
                <condition number="12" type="jump" coverage="100%" />
              </conditions>
            </line>
            <line number="37" hits="4" branch="False" />
            <line number="40" hits="11" branch="True" condition-coverage="94% (47/50)">
              <conditions>
                <condition number="21" type="jump" coverage="100%" />
                <condition number="36" type="switch" coverage="94.44%" />
                <condition number="125" type="jump" coverage="50%" />
                <condition number="148" type="jump" coverage="100%" />
                <condition number="130" type="jump" coverage="50%" />
                <condition number="153" type="jump" coverage="100%" />
                <condition number="171" type="jump" coverage="100%" />
                <condition number="213" type="jump" coverage="100%" />
                <condition number="234" type="jump" coverage="100%" />
                <condition number="276" type="jump" coverage="100%" />
                <condition number="192" type="jump" coverage="100%" />
                <condition number="255" type="jump" coverage="100%" />
                <condition number="294" type="jump" coverage="100%" />
                <condition number="309" type="jump" coverage="100%" />
                <condition number="324" type="jump" coverage="100%" />
                <condition number="339" type="jump" coverage="100%" />
                <condition number="354" type="jump" coverage="100%" />
              </conditions>
            </line>
            <line number="41" hits="11" branch="False" />
            <line number="42" hits="1" branch="False" />
            <line number="43" hits="1" branch="False" />
            <line number="44" hits="1" branch="False" />
            <line number="45" hits="1" branch="False" />
            <line number="46" hits="1" branch="False" />
            <line number="47" hits="2" branch="False" />
            <line number="48" hits="1" branch="False" />
            <line number="49" hits="3" branch="False" />
            <line number="50" hits="11" branch="False" />
          </lines>
        </class>
        <class name="Outlet.Crm.Domain.Traffic.TrafficSample" filename="Crm/Outlet.Crm.Domain/Traffic/TrafficSample.cs" line-rate="1" branch-rate="1" complexity="10">
          <methods>
            <method name="get_ProductId" signature="()" line-rate="1" branch-rate="1" complexity="1">
              <lines>
                <line number="29" hits="1" branch="False" />
              </lines>
            </method>
            <method name="get_Path" signature="()" line-rate="1" branch-rate="1" complexity="1">
              <lines>
                <line number="31" hits="52" branch="False" />
              </lines>
            </method>
            <method name="get_ReferrerSource" signature="()" line-rate="1" branch-rate="1" complexity="1">
              <lines>
                <line number="33" hits="53" branch="False" />
              </lines>
            </method>
            <method name="get_UserAgentCategory" signature="()" line-rate="1" branch-rate="1" complexity="1">
              <lines>
                <line number="35" hits="2" branch="False" />
              </lines>
            </method>
            <method name="get_OccurredAt" signature="()" line-rate="1" branch-rate="1" complexity="1">
              <lines>
                <line number="37" hits="659" branch="False" />
              </lines>
            </method>
            <method name="Create" signature="(Outlet.Crm.Domain.Products.ProductId,System.String,System.String,System.String,System.DateTime)" line-rate="1" branch-rate="1" complexity="4">
              <lines>
                <line number="46" hits="45" branch="True" condition-coverage="100% (2/2)">
                  <conditions>
                    <condition number="6" type="jump" coverage="100%" />
                  </conditions>
                </line>
                <line number="48" hits="1" branch="False" />
                <line number="51" hits="44" branch="False" />
                <line number="52" hits="44" branch="True" condition-coverage="100% (2/2)">
                  <conditions>
                    <condition number="34" type="jump" coverage="100%" />
                  </conditions>
                </line>
                <line number="54" hits="1" branch="False" />
                <line number="57" hits="44" branch="False" />
                <line number="58" hits="44" branch="False" />
                <line number="59" hits="44" branch="False" />
                <line number="60" hits="44" branch="False" />
                <line number="61" hits="44" branch="False" />
                <line number="62" hits="44" branch="False" />
                <line number="63" hits="44" branch="False" />
              </lines>
            </method>
            <method name=".ctor" signature="(System.Guid,Outlet.Crm.Domain.Products.ProductId,System.String,System.String,System.String,System.DateTime)" line-rate="1" branch-rate="1" complexity="1">
              <lines>
                <line number="20" hits="44" branch="False" />
                <line number="22" hits="44" branch="False" />
                <line number="23" hits="44" branch="False" />
                <line number="24" hits="44" branch="False" />
                <line number="25" hits="44" branch="False" />
                <line number="26" hits="44" branch="False" />
                <line number="27" hits="44" branch="False" />
              </lines>
            </method>
          </methods>
          <lines>
            <line number="29" hits="1" branch="False" />
            <line number="31" hits="52" branch="False" />
            <line number="33" hits="53" branch="False" />
            <line number="35" hits="2" branch="False" />
            <line number="37" hits="659" branch="False" />
            <line number="46" hits="45" branch="True" condition-coverage="100% (2/2)">
              <conditions>
                <condition number="6" type="jump" coverage="100%" />
              </conditions>
            </line>
            <line number="48" hits="1" branch="False" />
            <line number="51" hits="44" branch="False" />
            <line number="52" hits="44" branch="True" condition-coverage="100% (2/2)">
              <conditions>
                <condition number="34" type="jump" coverage="100%" />
              </conditions>
            </line>
            <line number="54" hits="1" branch="False" />
            <line number="57" hits="44" branch="False" />
            <line number="58" hits="44" branch="False" />
            <line number="59" hits="44" branch="False" />
            <line number="60" hits="44" branch="False" />
            <line number="61" hits="44" branch="False" />
            <line number="62" hits="44" branch="False" />
            <line number="63" hits="44" branch="False" />
            <line number="20" hits="44" branch="False" />
            <line number="22" hits="44" branch="False" />
            <line number="23" hits="44" branch="False" />
            <line number="24" hits="44" branch="False" />
            <line number="25" hits="44" branch="False" />
            <line number="26" hits="44" branch="False" />
            <line number="27" hits="44" branch="False" />
          </lines>
        </class>
        <class name="Outlet.Crm.Domain.Traffic.UserAgentCategory" filename="Crm/Outlet.Crm.Domain/Traffic/UserAgentCategory.cs" line-rate="1" branch-rate="1" complexity="5">
          <methods>
            <method name="Categorize" signature="(System.String)" line-rate="1" branch-rate="1" complexity="4">
              <lines>
                <line number="17" hits="50" branch="True" condition-coverage="100% (2/2)">
                  <conditions>
                    <condition number="24" type="jump" coverage="100%" />
                  </conditions>
                </line>
                <line number="19" hits="43" branch="False" />
                <line number="22" hits="34" branch="True" condition-coverage="100% (2/2)">
                  <conditions>
                    <condition number="50" type="jump" coverage="100%" />
                  </conditions>
                </line>
                <line number="23" hits="7" branch="False" />
                <line number="24" hits="7" branch="False" />
              </lines>
            </method>
            <method name=".cctor" signature="()" line-rate="1" branch-rate="1" complexity="1">
              <lines>
                <line number="13" hits="1" branch="False" />
              </lines>
            </method>
          </methods>
          <lines>
            <line number="17" hits="50" branch="True" condition-coverage="100% (2/2)">
              <conditions>
                <condition number="24" type="jump" coverage="100%" />
              </conditions>
            </line>
            <line number="19" hits="43" branch="False" />
            <line number="22" hits="34" branch="True" condition-coverage="100% (2/2)">
              <conditions>
                <condition number="50" type="jump" coverage="100%" />
              </conditions>
            </line>
            <line number="23" hits="7" branch="False" />
            <line number="24" hits="7" branch="False" />
            <line number="13" hits="1" branch="False" />
          </lines>
        </class>
        <class name="Outlet.Crm.Domain.Releases.ReleaseId" filename="Crm/Outlet.Crm.Domain/Releases/ReleaseId.cs" line-rate="1" branch-rate="1" complexity="2">
          <methods>
            <method name="get_Value" signature="()" line-rate="1" branch-rate="1" complexity="1">
              <lines>
                <line number="3" hits="1" branch="False" />
              </lines>
            </method>
            <method name="New" signature="()" line-rate="1" branch-rate="1" complexity="1">
              <lines>
                <line number="5" hits="5" branch="False" />
              </lines>
            </method>
          </methods>
          <lines>
            <line number="3" hits="1" branch="False" />
            <line number="5" hits="5" branch="False" />
          </lines>
        </class>
        <class name="Outlet.Crm.Domain.Releases.ReleaseRecord" filename="Crm/Outlet.Crm.Domain/Releases/ReleaseRecord.cs" line-rate="1" branch-rate="1" complexity="12">
          <methods>
            <method name="get_ProductId" signature="()" line-rate="1" branch-rate="1" complexity="1">
              <lines>
                <line number="29" hits="1" branch="False" />
              </lines>
            </method>
            <method name="get_Repository" signature="()" line-rate="1" branch-rate="1" complexity="1">
              <lines>
                <line number="31" hits="1" branch="False" />
              </lines>
            </method>
            <method name="get_TagName" signature="()" line-rate="1" branch-rate="1" complexity="1">
              <lines>
                <line number="33" hits="1" branch="False" />
              </lines>
            </method>
            <method name="get_Name" signature="()" line-rate="1" branch-rate="1" complexity="1">
              <lines>
                <line number="36" hits="3" branch="False" />
              </lines>
            </method>
            <method name="get_PublishedAt" signature="()" line-rate="1" branch-rate="1" complexity="1">
              <lines>
                <line number="38" hits="1" branch="False" />
              </lines>
            </method>
            <method name="Create" signature="(Outlet.Crm.Domain.Products.ProductId,Outlet.Crm.Domain.Products.RepositoryName,System.String,System.String,System.DateTime)" line-rate="1" branch-rate="1" complexity="6">
              <lines>
                <line number="47" hits="7" branch="True" condition-coverage="100% (2/2)">
                  <conditions>
                    <condition number="6" type="jump" coverage="100%" />
                  </conditions>
                </line>
                <line number="49" hits="2" branch="False" />
                <line number="52" hits="5" branch="True" condition-coverage="100% (2/2)">
                  <conditions>
                    <condition number="20" type="jump" coverage="100%" />
                  </conditions>
                </line>
                <line number="54" hits="5" branch="True" condition-coverage="100% (2/2)">
                  <conditions>
                    <condition number="51" type="jump" coverage="100%" />
                  </conditions>
                </line>
                <line number="55" hits="5" branch="False" />
                <line number="56" hits="5" branch="False" />
                <line number="57" hits="5" branch="False" />
                <line number="58" hits="5" branch="False" />
                <line number="59" hits="5" branch="False" />
                <line number="60" hits="5" branch="False" />
              </lines>
            </method>
            <method name=".ctor" signature="(Outlet.Crm.Domain.Releases.ReleaseId,Outlet.Crm.Domain.Products.ProductId,Outlet.Crm.Domain.Products.RepositoryName,System.String,System.String,System.DateTime)" line-rate="1" branch-rate="1" complexity="1">
              <lines>
                <line number="20" hits="5" branch="False" />
                <line number="22" hits="5" branch="False" />
                <line number="23" hits="5" branch="False" />
                <line number="24" hits="5" branch="False" />
                <line number="25" hits="5" branch="False" />
                <line number="26" hits="5" branch="False" />
                <line number="27" hits="5" branch="False" />
              </lines>
            </method>
          </methods>
          <lines>
            <line number="29" hits="1" branch="False" />
            <line number="31" hits="1" branch="False" />
            <line number="33" hits="1" branch="False" />
            <line number="36" hits="3" branch="False" />
            <line number="38" hits="1" branch="False" />
            <line number="47" hits="7" branch="True" condition-coverage="100% (2/2)">
              <conditions>
                <condition number="6" type="jump" coverage="100%" />
              </conditions>
            </line>
            <line number="49" hits="2" branch="False" />
            <line number="52" hits="5" branch="True" condition-coverage="100% (2/2)">
              <conditions>
                <condition number="20" type="jump" coverage="100%" />
              </conditions>
            </line>
            <line number="54" hits="5" branch="True" condition-coverage="100% (2/2)">
              <conditions>
                <condition number="51" type="jump" coverage="100%" />
              </conditions>
            </line>
            <line number="55" hits="5" branch="False" />
            <line number="56" hits="5" branch="False" />
            <line number="57" hits="5" branch="False" />
            <line number="58" hits="5" branch="False" />
            <line number="59" hits="5" branch="False" />
            <line number="60" hits="5" branch="False" />
            <line number="20" hits="5" branch="False" />
            <line number="22" hits="5" branch="False" />
            <line number="23" hits="5" branch="False" />
            <line number="24" hits="5" branch="False" />
            <line number="25" hits="5" branch="False" />
            <line number="26" hits="5" branch="False" />
            <line number="27" hits="5" branch="False" />
          </lines>
        </class>
        <class name="Outlet.Crm.Domain.Prospects.Email" filename="Crm/Outlet.Crm.Domain/Prospects/Email.cs" line-rate="1" branch-rate="1" complexity="10">
          <methods>
            <method name="get_Value" signature="()" line-rate="1" branch-rate="1" complexity="1">
              <lines>
                <line number="9" hits="3" branch="False" />
              </lines>
            </method>
            <method name="Create" signature="(System.String)" line-rate="1" branch-rate="1" complexity="8">
              <lines>
                <line number="13" hits="41" branch="False" />
                <line number="14" hits="41" branch="False" />
                <line number="16" hits="41" branch="True" condition-coverage="100% (8/8)">
                  <conditions>
                    <condition number="23" type="jump" coverage="100%" />
                    <condition number="27" type="jump" coverage="100%" />
                    <condition number="38" type="jump" coverage="100%" />
                    <condition number="49" type="jump" coverage="100%" />
                  </conditions>
                </line>
                <line number="18" hits="5" branch="False" />
                <line number="21" hits="36" branch="False" />
              </lines>
            </method>
            <method name=".ctor" signature="(System.String)" line-rate="1" branch-rate="1" complexity="1">
              <lines>
                <line number="7" hits="72" branch="False" />
              </lines>
            </method>
          </methods>
          <lines>
            <line number="9" hits="3" branch="False" />
            <line number="13" hits="41" branch="False" />
            <line number="14" hits="41" branch="False" />
            <line number="16" hits="41" branch="True" condition-coverage="100% (8/8)">
              <conditions>
                <condition number="23" type="jump" coverage="100%" />
                <condition number="27" type="jump" coverage="100%" />
                <condition number="38" type="jump" coverage="100%" />
                <condition number="49" type="jump" coverage="100%" />
              </conditions>
            </line>
            <line number="18" hits="5" branch="False" />
            <line number="21" hits="36" branch="False" />
            <line number="7" hits="72" branch="False" />
          </lines>
        </class>
        <class name="Outlet.Crm.Domain.Prospects.Interaction" filename="Crm/Outlet.Crm.Domain/Prospects/Interaction.cs" line-rate="1" branch-rate="1" complexity="4">
          <methods>
            <method name="get_Channel" signature="()" line-rate="1" branch-rate="1" complexity="1">
              <lines>
                <line number="7" hits="2" branch="False" />
              </lines>
            </method>
            <method name="get_Notes" signature="()" line-rate="1" branch-rate="1" complexity="1">
              <lines>
                <line number="9" hits="1" branch="False" />
              </lines>
            </method>
            <method name="get_OccurredAt" signature="()" line-rate="1" branch-rate="1" complexity="1">
              <lines>
                <line number="11" hits="1" branch="False" />
              </lines>
            </method>
            <method name=".ctor" signature="(System.Guid,System.String,System.String,System.DateTime)" line-rate="1" branch-rate="1" complexity="1">
              <lines>
                <line number="5" hits="1" branch="False" />
              </lines>
            </method>
          </methods>
          <lines>
            <line number="7" hits="2" branch="False" />
            <line number="9" hits="1" branch="False" />
            <line number="11" hits="1" branch="False" />
            <line number="5" hits="1" branch="False" />
          </lines>
        </class>
        <class name="Outlet.Crm.Domain.Prospects.Prospect" filename="Crm/Outlet.Crm.Domain/Prospects/Prospect.cs" line-rate="1" branch-rate="1" complexity="32">
          <methods>
            <method name="get_ProductId" signature="()" line-rate="1" branch-rate="1" complexity="1">
              <lines>
                <line number="33" hits="1" branch="False" />
              </lines>
            </method>
            <method name="get_OrganizationId" signature="()" line-rate="1" branch-rate="1" complexity="1">
              <lines>
                <line number="35" hits="1" branch="False" />
              </lines>
            </method>
            <method name="get_Name" signature="()" line-rate="1" branch-rate="1" complexity="1">
              <lines>
                <line number="37" hits="1" branch="False" />
              </lines>
            </method>
            <method name="get_Email" signature="()" line-rate="1" branch-rate="1" complexity="1">
              <lines>
                <line number="39" hits="1" branch="False" />
              </lines>
            </method>
            <method name="get_Company" signature="()" line-rate="1" branch-rate="1" complexity="1">
              <lines>
                <line number="41" hits="38" branch="False" />
              </lines>
            </method>
            <method name="get_EstimatedValue" signature="()" line-rate="1" branch-rate="1" complexity="1">
              <lines>
                <line number="44" hits="55" branch="False" />
              </lines>
            </method>
            <method name="get_Stage" signature="()" line-rate="1" branch-rate="1" complexity="1">
              <lines>
                <line number="46" hits="309" branch="False" />
              </lines>
            </method>
            <method name="get_LossReason" signature="()" line-rate="1" branch-rate="1" complexity="1">
              <lines>
                <line number="49" hits="9" branch="False" />
              </lines>
            </method>
            <method name="get_CreatedAt" signature="()" line-rate="1" branch-rate="1" complexity="1">
              <lines>
                <line number="51" hits="1" branch="False" />
              </lines>
            </method>
            <method name="get_Interactions" signature="()" line-rate="1" branch-rate="1" complexity="1">
              <lines>
                <line number="53" hits="2" branch="False" />
              </lines>
            </method>
            <method name="Create" signature="(Outlet.Crm.Domain.Products.ProductId,System.Nullable`1&lt;Outlet.Crm.Domain.Organizations.OrganizationId&gt;,System.String,Outlet.Crm.Domain.Prospects.Email,System.String,Outlet.Crm.Domain.Payments.Money,System.DateTime)" line-rate="1" branch-rate="1" complexity="2">
              <lines>
                <line number="64" hits="33" branch="True" condition-coverage="100% (2/2)">
                  <conditions>
                    <condition number="6" type="jump" coverage="100%" />
                  </conditions>
                </line>
                <line number="66" hits="1" branch="False" />
                <line number="69" hits="32" branch="False" />
                <line number="70" hits="32" branch="False" />
              </lines>
            </method>
            <method name="Advance" signature="(Outlet.Crm.Domain.Prospects.ProspectStage)" line-rate="1" branch-rate="1" complexity="8">
              <lines>
                <line number="75" hits="25" branch="True" condition-coverage="100% (4/4)">
                  <conditions>
                    <condition number="11" type="jump" coverage="100%" />
                    <condition number="20" type="jump" coverage="100%" />
                  </conditions>
                </line>
                <line number="77" hits="2" branch="False" />
                <line number="80" hits="23" branch="True" condition-coverage="100% (4/4)">
                  <conditions>
                    <condition number="35" type="jump" coverage="100%" />
                    <condition number="44" type="jump" coverage="100%" />
                  </conditions>
                </line>
                <line number="82" hits="2" branch="False" />
                <line number="85" hits="21" branch="False" />
                <line number="86" hits="21" branch="False" />
              </lines>
            </method>
            <method name="UpdateDetails" signature="(Outlet.Crm.Domain.Payments.Money,System.String)" line-rate="1" branch-rate="1" complexity="6">
              <lines>
                <line number="95" hits="3" branch="True" condition-coverage="100% (4/4)">
                  <conditions>
                    <condition number="11" type="jump" coverage="100%" />
                    <condition number="20" type="jump" coverage="100%" />
                  </conditions>
                </line>
                <line number="97" hits="1" branch="False" />
                <line number="100" hits="2" branch="False" />
                <line number="101" hits="2" branch="True" condition-coverage="100% (2/2)">
                  <conditions>
                    <condition number="47" type="jump" coverage="100%" />
                  </conditions>
                </line>
                <line number="102" hits="2" branch="False" />
              </lines>
            </method>
            <method name="Lose" signature="(System.String)" line-rate="1" branch-rate="1" complexity="4">
              <lines>
                <line number="108" hits="7" branch="True" condition-coverage="100% (2/2)">
                  <conditions>
                    <condition number="6" type="jump" coverage="100%" />
                  </conditions>
                </line>
                <line number="110" hits="1" branch="False" />
                <line number="113" hits="6" branch="False" />
                <line number="114" hits="6" branch="True" condition-coverage="100% (2/2)">
                  <conditions>
                    <condition number="33" type="jump" coverage="100%" />
                  </conditions>
                </line>
                <line number="116" hits="1" branch="False" />
                <line number="119" hits="5" branch="False" />
                <line number="120" hits="5" branch="False" />
              </lines>
            </method>
            <method name="RecordInteraction" signature="(System.String,System.String,System.DateTime)" line-rate="1" branch-rate="1" complexity="1">
              <lines>
                <line number="124" hits="1" branch="False" />
              </lines>
            </method>
            <method name=".ctor" signature="(Outlet.Crm.Domain.Prospects.ProspectId,Outlet.Crm.Domain.Products.ProductId,System.Nullable`1&lt;Outlet.Crm.Domain.Organizations.OrganizationId&gt;,System.String,Outlet.Crm.Domain.Prospects.Email,System.String,Outlet.Crm.Domain.Payments.Money,System.DateTime)" line-rate="1" branch-rate="1" complexity="1">
              <lines>
                <line number="10" hits="32" branch="False" />
                <line number="21" hits="32" branch="False" />
                <line number="23" hits="32" branch="False" />
                <line number="24" hits="32" branch="False" />
                <line number="25" hits="32" branch="False" />
                <line number="26" hits="32" branch="False" />
                <line number="27" hits="32" branch="False" />
                <line number="28" hits="32" branch="False" />
                <line number="29" hits="32" branch="False" />
                <line number="30" hits="32" branch="False" />
                <line number="31" hits="32" branch="False" />
              </lines>
            </method>
          </methods>
          <lines>
            <line number="33" hits="1" branch="False" />
            <line number="35" hits="1" branch="False" />
            <line number="37" hits="1" branch="False" />
            <line number="39" hits="1" branch="False" />
            <line number="41" hits="38" branch="False" />
            <line number="44" hits="55" branch="False" />
            <line number="46" hits="309" branch="False" />
            <line number="49" hits="9" branch="False" />
            <line number="51" hits="1" branch="False" />
            <line number="53" hits="2" branch="False" />
            <line number="64" hits="33" branch="True" condition-coverage="100% (2/2)">
              <conditions>
                <condition number="6" type="jump" coverage="100%" />
              </conditions>
            </line>
            <line number="66" hits="1" branch="False" />
            <line number="69" hits="32" branch="False" />
            <line number="70" hits="32" branch="False" />
            <line number="75" hits="25" branch="True" condition-coverage="100% (4/4)">
              <conditions>
                <condition number="11" type="jump" coverage="100%" />
                <condition number="20" type="jump" coverage="100%" />
              </conditions>
            </line>
            <line number="77" hits="2" branch="False" />
            <line number="80" hits="23" branch="True" condition-coverage="100% (4/4)">
              <conditions>
                <condition number="35" type="jump" coverage="100%" />
                <condition number="44" type="jump" coverage="100%" />
              </conditions>
            </line>
            <line number="82" hits="2" branch="False" />
            <line number="85" hits="21" branch="False" />
            <line number="86" hits="21" branch="False" />
            <line number="95" hits="3" branch="True" condition-coverage="100% (4/4)">
              <conditions>
                <condition number="11" type="jump" coverage="100%" />
                <condition number="20" type="jump" coverage="100%" />
              </conditions>
            </line>
            <line number="97" hits="1" branch="False" />
            <line number="100" hits="2" branch="False" />
            <line number="101" hits="2" branch="True" condition-coverage="100% (2/2)">
              <conditions>
                <condition number="47" type="jump" coverage="100%" />
              </conditions>
            </line>
            <line number="102" hits="2" branch="False" />
            <line number="108" hits="7" branch="True" condition-coverage="100% (2/2)">
              <conditions>
                <condition number="6" type="jump" coverage="100%" />
              </conditions>
            </line>
            <line number="110" hits="1" branch="False" />
            <line number="113" hits="6" branch="False" />
            <line number="114" hits="6" branch="True" condition-coverage="100% (2/2)">
              <conditions>
                <condition number="33" type="jump" coverage="100%" />
              </conditions>
            </line>
            <line number="116" hits="1" branch="False" />
            <line number="119" hits="5" branch="False" />
            <line number="120" hits="5" branch="False" />
            <line number="124" hits="1" branch="False" />
            <line number="10" hits="32" branch="False" />
            <line number="21" hits="32" branch="False" />
            <line number="23" hits="32" branch="False" />
            <line number="24" hits="32" branch="False" />
            <line number="25" hits="32" branch="False" />
            <line number="26" hits="32" branch="False" />
            <line number="27" hits="32" branch="False" />
            <line number="28" hits="32" branch="False" />
            <line number="29" hits="32" branch="False" />
            <line number="30" hits="32" branch="False" />
            <line number="31" hits="32" branch="False" />
          </lines>
        </class>
        <class name="Outlet.Crm.Domain.Prospects.ProspectErrors" filename="Crm/Outlet.Crm.Domain/Prospects/ProspectErrors.cs" line-rate="1" branch-rate="1" complexity="1">
          <methods>
            <method name="NotFound" signature="(Outlet.Crm.Domain.Prospects.ProspectId)" line-rate="1" branch-rate="1" complexity="1">
              <lines>
                <line number="18" hits="1" branch="False" />
              </lines>
            </method>
          </methods>
          <lines>
            <line number="18" hits="1" branch="False" />
          </lines>
        </class>
        <class name="Outlet.Crm.Domain.Prospects.ProspectId" filename="Crm/Outlet.Crm.Domain/Prospects/ProspectId.cs" line-rate="1" branch-rate="1" complexity="2">
          <methods>
            <method name="get_Value" signature="()" line-rate="1" branch-rate="1" complexity="1">
              <lines>
                <line number="3" hits="2" branch="False" />
              </lines>
            </method>
            <method name="New" signature="()" line-rate="1" branch-rate="1" complexity="1">
              <lines>
                <line number="5" hits="35" branch="False" />
              </lines>
            </method>
          </methods>
          <lines>
            <line number="3" hits="2" branch="False" />
            <line number="5" hits="35" branch="False" />
          </lines>
        </class>
        <class name="Outlet.Crm.Domain.Prospects.ProspectStageStats" filename="Crm/Outlet.Crm.Domain/Prospects/ProspectPipelineStats.cs" line-rate="1" branch-rate="1" complexity="5">
          <methods>
            <method name="get_Stage" signature="()" line-rate="1" branch-rate="1" complexity="1">
              <lines>
                <line number="4" hits="65" branch="False" />
              </lines>
            </method>
            <method name="get_Count" signature="()" line-rate="1" branch-rate="1" complexity="1">
              <lines>
                <line number="5" hits="11" branch="False" />
              </lines>
            </method>
            <method name="get_TotalEstimatedValue" signature="()" line-rate="1" branch-rate="1" complexity="1">
              <lines>
                <line number="6" hits="37" branch="False" />
              </lines>
            </method>
            <method name="get_ConversionRateToNext" signature="()" line-rate="1" branch-rate="1" complexity="1">
              <lines>
                <line number="7" hits="44" branch="False" />
              </lines>
            </method>
            <method name=".ctor" signature="(Outlet.Crm.Domain.Prospects.ProspectStage,System.Int32,System.Decimal,System.Nullable`1&lt;System.Decimal&gt;)" line-rate="1" branch-rate="1" complexity="1">
              <lines>
                <line number="3" hits="30" branch="False" />
              </lines>
            </method>
          </methods>
          <lines>
            <line number="4" hits="65" branch="False" />
            <line number="5" hits="11" branch="False" />
            <line number="6" hits="37" branch="False" />
            <line number="7" hits="44" branch="False" />
            <line number="3" hits="30" branch="False" />
          </lines>
        </class>
        <class name="Outlet.Crm.Domain.Prospects.ProspectPipelineReport" filename="Crm/Outlet.Crm.Domain/Prospects/ProspectPipelineStats.cs" line-rate="1" branch-rate="1" complexity="4">
          <methods>
            <method name="get_TotalProspects" signature="()" line-rate="1" branch-rate="1" complexity="1">
              <lines>
                <line number="10" hits="2" branch="False" />
              </lines>
            </method>
            <method name="get_TotalEstimatedValue" signature="()" line-rate="1" branch-rate="1" complexity="1">
              <lines>
                <line number="11" hits="2" branch="False" />
              </lines>
            </method>
            <method name="get_Stages" signature="()" line-rate="1" branch-rate="1" complexity="1">
              <lines>
                <line number="12" hits="21" branch="False" />
              </lines>
            </method>
            <method name=".ctor" signature="(System.Int32,System.Decimal,System.Collections.Generic.IReadOnlyList`1&lt;Outlet.Crm.Domain.Prospects.ProspectStageStats&gt;)" line-rate="1" branch-rate="1" complexity="1">
              <lines>
                <line number="9" hits="6" branch="False" />
              </lines>
            </method>
          </methods>
          <lines>
            <line number="10" hits="2" branch="False" />
            <line number="11" hits="2" branch="False" />
            <line number="12" hits="21" branch="False" />
            <line number="9" hits="6" branch="False" />
          </lines>
        </class>
        <class name="Outlet.Crm.Domain.Prospects.ProspectPipelineStats" filename="Crm/Outlet.Crm.Domain/Prospects/ProspectPipelineStats.cs" line-rate="1" branch-rate="1" complexity="15">
          <methods>
            <method name="Compute" signature="(System.Collections.Generic.IEnumerable`1&lt;Outlet.Crm.Domain.Prospects.Prospect&gt;)" line-rate="1" branch-rate="1" complexity="14">
              <lines>
                <line number="35" hits="6" branch="False" />
                <line number="37" hits="6" branch="False" />
                <line number="38" hits="60" branch="True" condition-coverage="100% (2/2)">
                  <conditions>
                    <condition number="85" type="jump" coverage="100%" />
                  </conditions>
                </line>
                <line number="40" hits="24" branch="False" />
                <line number="41" hits="92" branch="True" condition-coverage="100% (2/2)">
                  <conditions>
                    <condition number="7" type="jump" coverage="100%" />
                  </conditions>
                </line>
                <line number="44" hits="6" branch="False" />
                <line number="45" hits="72" branch="True" condition-coverage="100% (2/2)">
                  <conditions>
                    <condition number="345" type="jump" coverage="100%" />
                  </conditions>
                </line>
                <line number="47" hits="115" branch="False" />
                <line number="49" hits="30" branch="False" />
                <line number="50" hits="30" branch="False" />
                <line number="51" hits="30" branch="True" condition-coverage="100% (6/6)">
                  <conditions>
                    <condition number="181" type="jump" coverage="100%" />
                    <condition number="194" type="jump" coverage="100%" />
                    <condition number="210" type="jump" coverage="100%" />
                  </conditions>
                </line>
                <line number="53" hits="11" branch="False" />
                <line number="56" hits="30" branch="False" />
                <line number="57" hits="30" branch="False" />
                <line number="58" hits="30" branch="False" />
                <line number="59" hits="17" branch="True" condition-coverage="100% (2/2)">
                  <conditions>
                    <condition number="7" type="jump" coverage="100%" />
                  </conditions>
                </line>
                <line number="60" hits="30" branch="False" />
                <line number="63" hits="6" branch="False" />
                <line number="64" hits="6" branch="False" />
                <line number="65" hits="30" branch="False" />
                <line number="66" hits="6" branch="False" />
              </lines>
            </method>
            <method name=".cctor" signature="()" line-rate="1" branch-rate="1" complexity="1">
              <lines>
                <line number="30" hits="1" branch="False" />
                <line number="31" hits="1" branch="False" />
              </lines>
            </method>
          </methods>
          <lines>
            <line number="35" hits="6" branch="False" />
            <line number="37" hits="6" branch="False" />
            <line number="38" hits="60" branch="True" condition-coverage="100% (2/2)">
              <conditions>
                <condition number="85" type="jump" coverage="100%" />
              </conditions>
            </line>
            <line number="40" hits="24" branch="False" />
            <line number="41" hits="92" branch="True" condition-coverage="100% (2/2)">
              <conditions>
                <condition number="7" type="jump" coverage="100%" />
              </conditions>
            </line>
            <line number="44" hits="6" branch="False" />
            <line number="45" hits="72" branch="True" condition-coverage="100% (2/2)">
              <conditions>
                <condition number="345" type="jump" coverage="100%" />
              </conditions>
            </line>
            <line number="47" hits="115" branch="False" />
            <line number="49" hits="30" branch="False" />
            <line number="50" hits="30" branch="False" />
            <line number="51" hits="30" branch="True" condition-coverage="100% (6/6)">
              <conditions>
                <condition number="181" type="jump" coverage="100%" />
                <condition number="194" type="jump" coverage="100%" />
                <condition number="210" type="jump" coverage="100%" />
              </conditions>
            </line>
            <line number="53" hits="11" branch="False" />
            <line number="56" hits="30" branch="False" />
            <line number="57" hits="30" branch="False" />
            <line number="58" hits="30" branch="False" />
            <line number="59" hits="17" branch="True" condition-coverage="100% (2/2)">
              <conditions>
                <condition number="7" type="jump" coverage="100%" />
              </conditions>
            </line>
            <line number="60" hits="30" branch="False" />
            <line number="63" hits="6" branch="False" />
            <line number="64" hits="6" branch="False" />
            <line number="65" hits="30" branch="False" />
            <line number="66" hits="6" branch="False" />
            <line number="30" hits="1" branch="False" />
            <line number="31" hits="1" branch="False" />
          </lines>
        </class>
        <class name="Outlet.Crm.Domain.Products.Product" filename="Crm/Outlet.Crm.Domain/Products/Product.cs" line-rate="0.9795" branch-rate="0.9642000000000001" complexity="36">
          <methods>
            <method name="get_Name" signature="()" line-rate="1" branch-rate="1" complexity="1">
              <lines>
                <line number="24" hits="23" branch="False" />
              </lines>
            </method>
            <method name="get_Description" signature="()" line-rate="1" branch-rate="1" complexity="1">
              <lines>
                <line number="26" hits="22" branch="False" />
              </lines>
            </method>
            <method name="get_IsArchived" signature="()" line-rate="1" branch-rate="1" complexity="1">
              <lines>
                <line number="28" hits="29" branch="False" />
              </lines>
            </method>
            <method name="get_CreatedAt" signature="()" line-rate="0" branch-rate="1" complexity="1">
              <lines>
                <line number="30" hits="0" branch="False" />
              </lines>
            </method>
            <method name="get_Packages" signature="()" line-rate="1" branch-rate="1" complexity="1">
              <lines>
                <line number="32" hits="5" branch="False" />
              </lines>
            </method>
            <method name="get_Repositories" signature="()" line-rate="1" branch-rate="1" complexity="1">
              <lines>
                <line number="34" hits="3" branch="False" />
              </lines>
            </method>
            <method name="Create" signature="(System.String,System.String,System.DateTime)" line-rate="1" branch-rate="0.75" complexity="4">
              <lines>
                <line number="38" hits="19" branch="True" condition-coverage="100% (2/2)">
                  <conditions>
                    <condition number="6" type="jump" coverage="100%" />
                  </conditions>
                </line>
                <line number="40" hits="1" branch="False" />
                <line number="43" hits="18" branch="True" condition-coverage="50% (1/2)">
                  <conditions>
                    <condition number="31" type="jump" coverage="50%" />
                  </conditions>
                </line>
              </lines>
            </method>
            <method name="Update" signature="(System.String,System.String)" line-rate="1" branch-rate="1" complexity="6">
              <lines>
                <line number="48" hits="4" branch="True" condition-coverage="100% (2/2)">
                  <conditions>
                    <condition number="6" type="jump" coverage="100%" />
                  </conditions>
                </line>
                <line number="50" hits="1" branch="False" />
                <line number="53" hits="3" branch="True" condition-coverage="100% (2/2)">
                  <conditions>
                    <condition number="31" type="jump" coverage="100%" />
                  </conditions>
                </line>
                <line number="55" hits="1" branch="False" />
                <line number="58" hits="2" branch="False" />
                <line number="59" hits="2" branch="True" condition-coverage="100% (2/2)">
                  <conditions>
                    <condition number="58" type="jump" coverage="100%" />
                  </conditions>
                </line>
                <line number="60" hits="2" branch="False" />
              </lines>
            </method>
            <method name="Archive" signature="()" line-rate="1" branch-rate="1" complexity="2">
              <lines>
                <line number="69" hits="6" branch="True" condition-coverage="100% (2/2)">
                  <conditions>
                    <condition number="6" type="jump" coverage="100%" />
                  </conditions>
                </line>
                <line number="71" hits="1" branch="False" />
                <line number="74" hits="5" branch="False" />
                <line number="75" hits="5" branch="False" />
              </lines>
            </method>
            <method name="TrackPackage" signature="(Outlet.Crm.Domain.Analytics.PackageRegistry,Outlet.Crm.Domain.Analytics.PackageId)" line-rate="1" branch-rate="1" complexity="4">
              <lines>
                <line number="80" hits="8" branch="True" condition-coverage="100% (2/2)">
                  <conditions>
                    <condition number="6" type="jump" coverage="100%" />
                  </conditions>
                </line>
                <line number="82" hits="1" branch="False" />
                <line number="85" hits="7" branch="True" condition-coverage="100% (2/2)">
                  <conditions>
                    <condition number="33" type="jump" coverage="100%" />
                  </conditions>
                </line>
                <line number="87" hits="1" branch="False" />
                <line number="90" hits="6" branch="False" />
                <line number="91" hits="6" branch="False" />
              </lines>
            </method>
            <method name="UntrackPackage" signature="(Outlet.Crm.Domain.Analytics.PackageRegistry,Outlet.Crm.Domain.Analytics.PackageId)" line-rate="1" branch-rate="1" complexity="4">
              <lines>
                <line number="96" hits="5" branch="True" condition-coverage="100% (2/2)">
                  <conditions>
                    <condition number="12" type="jump" coverage="100%" />
                  </conditions>
                </line>
                <line number="97" hits="3" branch="True" condition-coverage="100% (2/2)">
                  <conditions>
                    <condition number="43" type="jump" coverage="100%" />
                  </conditions>
                </line>
                <line number="99" hits="2" branch="False" />
                <line number="102" hits="1" branch="False" />
              </lines>
            </method>
            <method name="IsTracking" signature="(Outlet.Crm.Domain.Analytics.PackageRegistry,Outlet.Crm.Domain.Analytics.PackageId)" line-rate="1" branch-rate="1" complexity="2">
              <lines>
                <line number="106" hits="9" branch="True" condition-coverage="100% (2/2)">
                  <conditions>
                    <condition number="12" type="jump" coverage="100%" />
                  </conditions>
                </line>
              </lines>
            </method>
            <method name="TrackRepository" signature="(Outlet.Crm.Domain.Products.RepositoryName)" line-rate="1" branch-rate="1" complexity="4">
              <lines>
                <line number="110" hits="5" branch="True" condition-coverage="100% (2/2)">
                  <conditions>
                    <condition number="6" type="jump" coverage="100%" />
                  </conditions>
                </line>
                <line number="112" hits="1" branch="False" />
                <line number="115" hits="4" branch="True" condition-coverage="100% (2/2)">
                  <conditions>
                    <condition number="32" type="jump" coverage="100%" />
                  </conditions>
                </line>
                <line number="117" hits="1" branch="False" />
                <line number="120" hits="3" branch="False" />
                <line number="121" hits="3" branch="False" />
              </lines>
            </method>
            <method name="UntrackRepository" signature="(Outlet.Crm.Domain.Products.RepositoryName)" line-rate="1" branch-rate="1" complexity="2">
              <lines>
                <line number="126" hits="3" branch="False" />
                <line number="127" hits="2" branch="True" condition-coverage="100% (2/2)">
                  <conditions>
                    <condition number="36" type="jump" coverage="100%" />
                  </conditions>
                </line>
                <line number="129" hits="1" branch="False" />
                <line number="132" hits="1" branch="False" />
              </lines>
            </method>
            <method name="IsTrackingRepository" signature="(Outlet.Crm.Domain.Products.RepositoryName)" line-rate="1" branch-rate="1" complexity="1">
              <lines>
                <line number="136" hits="5" branch="False" />
              </lines>
            </method>
            <method name=".ctor" signature="(Outlet.Crm.Domain.Products.ProductId,System.String,System.String,System.DateTime)" line-rate="1" branch-rate="1" complexity="1">
              <lines>
                <line number="13" hits="18" branch="False" />
                <line number="14" hits="18" branch="False" />
                <line number="17" hits="18" branch="False" />
                <line number="19" hits="18" branch="False" />
                <line number="20" hits="18" branch="False" />
                <line number="21" hits="18" branch="False" />
                <line number="22" hits="18" branch="False" />
              </lines>
            </method>
          </methods>
          <lines>
            <line number="24" hits="23" branch="False" />
            <line number="26" hits="22" branch="False" />
            <line number="28" hits="29" branch="False" />
            <line number="30" hits="0" branch="False" />
            <line number="32" hits="5" branch="False" />
            <line number="34" hits="3" branch="False" />
            <line number="38" hits="19" branch="True" condition-coverage="100% (2/2)">
              <conditions>
                <condition number="6" type="jump" coverage="100%" />
              </conditions>
            </line>
            <line number="40" hits="1" branch="False" />
            <line number="43" hits="18" branch="True" condition-coverage="50% (1/2)">
              <conditions>
                <condition number="31" type="jump" coverage="50%" />
              </conditions>
            </line>
            <line number="48" hits="4" branch="True" condition-coverage="100% (2/2)">
              <conditions>
                <condition number="6" type="jump" coverage="100%" />
              </conditions>
            </line>
            <line number="50" hits="1" branch="False" />
            <line number="53" hits="3" branch="True" condition-coverage="100% (2/2)">
              <conditions>
                <condition number="31" type="jump" coverage="100%" />
              </conditions>
            </line>
            <line number="55" hits="1" branch="False" />
            <line number="58" hits="2" branch="False" />
            <line number="59" hits="2" branch="True" condition-coverage="100% (2/2)">
              <conditions>
                <condition number="58" type="jump" coverage="100%" />
              </conditions>
            </line>
            <line number="60" hits="2" branch="False" />
            <line number="69" hits="6" branch="True" condition-coverage="100% (2/2)">
              <conditions>
                <condition number="6" type="jump" coverage="100%" />
              </conditions>
            </line>
            <line number="71" hits="1" branch="False" />
            <line number="74" hits="5" branch="False" />
            <line number="75" hits="5" branch="False" />
            <line number="80" hits="8" branch="True" condition-coverage="100% (2/2)">
              <conditions>
                <condition number="6" type="jump" coverage="100%" />
              </conditions>
            </line>
            <line number="82" hits="1" branch="False" />
            <line number="85" hits="7" branch="True" condition-coverage="100% (2/2)">
              <conditions>
                <condition number="33" type="jump" coverage="100%" />
              </conditions>
            </line>
            <line number="87" hits="1" branch="False" />
            <line number="90" hits="6" branch="False" />
            <line number="91" hits="6" branch="False" />
            <line number="96" hits="5" branch="True" condition-coverage="100% (2/2)">
              <conditions>
                <condition number="12" type="jump" coverage="100%" />
              </conditions>
            </line>
            <line number="97" hits="3" branch="True" condition-coverage="100% (2/2)">
              <conditions>
                <condition number="43" type="jump" coverage="100%" />
              </conditions>
            </line>
            <line number="99" hits="2" branch="False" />
            <line number="102" hits="1" branch="False" />
            <line number="106" hits="9" branch="True" condition-coverage="100% (2/2)">
              <conditions>
                <condition number="12" type="jump" coverage="100%" />
              </conditions>
            </line>
            <line number="110" hits="5" branch="True" condition-coverage="100% (2/2)">
              <conditions>
                <condition number="6" type="jump" coverage="100%" />
              </conditions>
            </line>
            <line number="112" hits="1" branch="False" />
            <line number="115" hits="4" branch="True" condition-coverage="100% (2/2)">
              <conditions>
                <condition number="32" type="jump" coverage="100%" />
              </conditions>
            </line>
            <line number="117" hits="1" branch="False" />
            <line number="120" hits="3" branch="False" />
            <line number="121" hits="3" branch="False" />
            <line number="126" hits="3" branch="False" />
            <line number="127" hits="2" branch="True" condition-coverage="100% (2/2)">
              <conditions>
                <condition number="36" type="jump" coverage="100%" />
              </conditions>
            </line>
            <line number="129" hits="1" branch="False" />
            <line number="132" hits="1" branch="False" />
            <line number="136" hits="5" branch="False" />
            <line number="13" hits="18" branch="False" />
            <line number="14" hits="18" branch="False" />
            <line number="17" hits="18" branch="False" />
            <line number="19" hits="18" branch="False" />
            <line number="20" hits="18" branch="False" />
            <line number="21" hits="18" branch="False" />
            <line number="22" hits="18" branch="False" />
          </lines>
        </class>
        <class name="Outlet.Crm.Domain.Products.ProductErrors" filename="Crm/Outlet.Crm.Domain/Products/ProductErrors.cs" line-rate="1" branch-rate="1" complexity="7">
          <methods>
            <method name="NotFound" signature="(Outlet.Crm.Domain.Products.ProductId)" line-rate="1" branch-rate="1" complexity="1">
              <lines>
                <line number="11" hits="1" branch="False" />
              </lines>
            </method>
            <method name="PackageAlreadyTracked" signature="(Outlet.Crm.Domain.Analytics.PackageRegistry,Outlet.Crm.Domain.Analytics.PackageId)" line-rate="1" branch-rate="1" complexity="1">
              <lines>
                <line number="14" hits="1" branch="False" />
              </lines>
            </method>
            <method name="PackageNotTracked" signature="(Outlet.Crm.Domain.Analytics.PackageRegistry,Outlet.Crm.Domain.Analytics.PackageId)" line-rate="1" branch-rate="1" complexity="1">
              <lines>
                <line number="17" hits="2" branch="False" />
              </lines>
            </method>
            <method name="RepositoryAlreadyTracked" signature="(Outlet.Crm.Domain.Products.RepositoryName)" line-rate="1" branch-rate="1" complexity="1">
              <lines>
                <line number="20" hits="1" branch="False" />
              </lines>
            </method>
            <method name="RepositoryNotTracked" signature="(Outlet.Crm.Domain.Products.RepositoryName)" line-rate="1" branch-rate="1" complexity="1">
              <lines>
                <line number="23" hits="1" branch="False" />
              </lines>
            </method>
            <method name="Archived" signature="(Outlet.Crm.Domain.Products.ProductId)" line-rate="1" branch-rate="1" complexity="1">
              <lines>
                <line number="26" hits="4" branch="False" />
              </lines>
            </method>
            <method name="AlreadyArchived" signature="(Outlet.Crm.Domain.Products.ProductId)" line-rate="1" branch-rate="1" complexity="1">
              <lines>
                <line number="29" hits="2" branch="False" />
              </lines>
            </method>
          </methods>
          <lines>
            <line number="11" hits="1" branch="False" />
            <line number="14" hits="1" branch="False" />
            <line number="17" hits="2" branch="False" />
            <line number="20" hits="1" branch="False" />
            <line number="23" hits="1" branch="False" />
            <line number="26" hits="4" branch="False" />
            <line number="29" hits="2" branch="False" />
          </lines>
        </class>
        <class name="Outlet.Crm.Domain.Products.ProductId" filename="Crm/Outlet.Crm.Domain/Products/ProductId.cs" line-rate="1" branch-rate="1" complexity="2">
          <methods>
            <method name="get_Value" signature="()" line-rate="1" branch-rate="1" complexity="1">
              <lines>
                <line number="3" hits="27" branch="False" />
              </lines>
            </method>
            <method name="New" signature="()" line-rate="1" branch-rate="1" complexity="1">
              <lines>
                <line number="5" hits="124" branch="False" />
              </lines>
            </method>
          </methods>
          <lines>
            <line number="3" hits="27" branch="False" />
            <line number="5" hits="124" branch="False" />
          </lines>
        </class>
        <class name="Outlet.Crm.Domain.Products.RepositoryName" filename="Crm/Outlet.Crm.Domain/Products/RepositoryName.cs" line-rate="1" branch-rate="1" complexity="10">
          <methods>
            <method name="get_Owner" signature="()" line-rate="1" branch-rate="1" complexity="1">
              <lines>
                <line number="14" hits="7" branch="False" />
              </lines>
            </method>
            <method name="get_Name" signature="()" line-rate="1" branch-rate="1" complexity="1">
              <lines>
                <line number="16" hits="7" branch="False" />
              </lines>
            </method>
            <method name="get_FullName" signature="()" line-rate="1" branch-rate="1" complexity="1">
              <lines>
                <line number="18" hits="6" branch="False" />
              </lines>
            </method>
            <method name="Create" signature="(System.String)" line-rate="1" branch-rate="1" complexity="6">
              <lines>
                <line number="22" hits="19" branch="False" />
                <line number="24" hits="19" branch="True" condition-coverage="100% (6/6)">
                  <conditions>
                    <condition number="19" type="jump" coverage="100%" />
                    <condition number="29" type="jump" coverage="100%" />
                    <condition number="39" type="jump" coverage="100%" />
                  </conditions>
                </line>
                <line number="26" hits="5" branch="False" />
                <line number="27" hits="5" branch="False" />
                <line number="30" hits="14" branch="False" />
              </lines>
            </method>
            <method name=".ctor" signature="(System.String,System.String)" line-rate="1" branch-rate="1" complexity="1">
              <lines>
                <line number="8" hits="14" branch="False" />
                <line number="10" hits="14" branch="False" />
                <line number="11" hits="14" branch="False" />
                <line number="12" hits="14" branch="False" />
              </lines>
            </method>
          </methods>
          <lines>
            <line number="14" hits="7" branch="False" />
            <line number="16" hits="7" branch="False" />
            <line number="18" hits="6" branch="False" />
            <line number="22" hits="19" branch="False" />
            <line number="24" hits="19" branch="True" condition-coverage="100% (6/6)">
              <conditions>
                <condition number="19" type="jump" coverage="100%" />
                <condition number="29" type="jump" coverage="100%" />
                <condition number="39" type="jump" coverage="100%" />
              </conditions>
            </line>
            <line number="26" hits="5" branch="False" />
            <line number="27" hits="5" branch="False" />
            <line number="30" hits="14" branch="False" />
            <line number="8" hits="14" branch="False" />
            <line number="10" hits="14" branch="False" />
            <line number="11" hits="14" branch="False" />
            <line number="12" hits="14" branch="False" />
          </lines>
        </class>
        <class name="Outlet.Crm.Domain.Products.TrackedPackage" filename="Crm/Outlet.Crm.Domain/Products/TrackedPackage.cs" line-rate="1" branch-rate="1" complexity="3">
          <methods>
            <method name="get_Registry" signature="()" line-rate="1" branch-rate="1" complexity="1">
              <lines>
                <line number="8" hits="11" branch="False" />
              </lines>
            </method>
            <method name="get_PackageId" signature="()" line-rate="1" branch-rate="1" complexity="1">
              <lines>
                <line number="10" hits="8" branch="False" />
              </lines>
            </method>
            <method name=".ctor" signature="(System.Guid,Outlet.Crm.Domain.Analytics.PackageRegistry,Outlet.Crm.Domain.Analytics.PackageId)" line-rate="1" branch-rate="1" complexity="1">
              <lines>
                <line number="6" hits="6" branch="False" />
              </lines>
            </method>
          </methods>
          <lines>
            <line number="8" hits="11" branch="False" />
            <line number="10" hits="8" branch="False" />
            <line number="6" hits="6" branch="False" />
          </lines>
        </class>
        <class name="Outlet.Crm.Domain.Products.TrackedRepository" filename="Crm/Outlet.Crm.Domain/Products/TrackedRepository.cs" line-rate="1" branch-rate="1" complexity="2">
          <methods>
            <method name="get_Repository" signature="()" line-rate="1" branch-rate="1" complexity="1">
              <lines>
                <line number="7" hits="5" branch="False" />
              </lines>
            </method>
            <method name=".ctor" signature="(System.Guid,Outlet.Crm.Domain.Products.RepositoryName)" line-rate="1" branch-rate="1" complexity="1">
              <lines>
                <line number="5" hits="3" branch="False" />
              </lines>
            </method>
          </methods>
          <lines>
            <line number="7" hits="5" branch="False" />
            <line number="5" hits="3" branch="False" />
          </lines>
        </class>
        <class name="Outlet.Crm.Domain.Payments.Money" filename="Crm/Outlet.Crm.Domain/Payments/Money.cs" line-rate="1" branch-rate="1" complexity="7">
          <methods>
            <method name="get_Amount" signature="()" line-rate="1" branch-rate="1" complexity="1">
              <lines>
                <line number="13" hits="65" branch="False" />
              </lines>
            </method>
            <method name="get_Currency" signature="()" line-rate="1" branch-rate="1" complexity="1">
              <lines>
                <line number="15" hits="37" branch="False" />
              </lines>
            </method>
            <method name="Create" signature="(System.Decimal,System.String)" line-rate="1" branch-rate="1" complexity="4">
              <lines>
                <line number="19" hits="42" branch="True" condition-coverage="100% (2/2)">
                  <conditions>
                    <condition number="11" type="jump" coverage="100%" />
                  </conditions>
                </line>
                <line number="21" hits="1" branch="False" />
                <line number="24" hits="41" branch="True" condition-coverage="100% (2/2)">
                  <conditions>
                    <condition number="36" type="jump" coverage="100%" />
                  </conditions>
                </line>
                <line number="26" hits="1" branch="False" />
[...]
                <line number="42" hits="0" branch="False" />
                <line number="43" hits="0" branch="False" />
                <line number="46" hits="0" branch="False" />
                <line number="47" hits="0" branch="False" />
              </lines>
            </method>
          </methods>
          <lines>
            <line number="14" hits="0" branch="False" />
            <line number="15" hits="0" branch="False" />
            <line number="17" hits="0" branch="False" />
            <line number="21" hits="0" branch="False" />
            <line number="22" hits="0" branch="False" />
            <line number="23" hits="0" branch="False" />
            <line number="25" hits="0" branch="False" />
            <line number="26" hits="0" branch="False" />
            <line number="27" hits="0" branch="False" />
            <line number="28" hits="0" branch="False" />
            <line number="29" hits="0" branch="False" />
            <line number="31" hits="0" branch="False" />
            <line number="33" hits="0" branch="True" condition-coverage="0% (0/4)">
              <conditions>
                <condition number="294" type="jump" coverage="0%" />
                <condition number="303" type="jump" coverage="0%" />
              </conditions>
            </line>
            <line number="35" hits="0" branch="False" />
            <line number="36" hits="0" branch="False" />
            <line number="37" hits="0" branch="False" />
            <line number="41" hits="0" branch="False" />
            <line number="42" hits="0" branch="False" />
            <line number="43" hits="0" branch="False" />
            <line number="46" hits="0" branch="False" />
            <line number="47" hits="0" branch="False" />
          </lines>
        </class>
        <class name="Outlet.Kernel.Shared.Mediator.Mediator" filename="Kernel.Shared/Outlet.Kernel.Shared/Mediator/Mediator.cs" line-rate="0" branch-rate="0" complexity="7">
          <methods>
            <method name="SendAsync" signature="(TRequest,System.Threading.CancellationToken)" line-rate="0" branch-rate="0" complexity="2">
              <lines>
                <line number="14" hits="0" branch="True" condition-coverage="0% (0/2)">
                  <conditions>
                    <condition number="33" type="jump" coverage="0%" />
                  </conditions>
                </line>
                <line number="15" hits="0" branch="False" />
                <line number="16" hits="0" branch="False" />
                <line number="17" hits="0" branch="False" />
                <line number="19" hits="0" branch="False" />
                <line number="20" hits="0" branch="False" />
                <line number="21" hits="0" branch="False" />
                <line number="22" hits="0" branch="False" />
                <line number="23" hits="0" branch="False" />
              </lines>
            </method>
            <method name="ExecuteAsync" signature="(TCommand,System.Threading.CancellationToken)" line-rate="0" branch-rate="0" complexity="2">
              <lines>
                <line number="32" hits="0" branch="True" condition-coverage="0% (0/2)">
                  <conditions>
                    <condition number="33" type="jump" coverage="0%" />
                  </conditions>
                </line>
                <line number="33" hits="0" branch="False" />
                <line number="34" hits="0" branch="False" />
                <line number="35" hits="0" branch="False" />
                <line number="37" hits="0" branch="False" />
                <line number="38" hits="0" branch="False" />
                <line number="39" hits="0" branch="False" />
                <line number="40" hits="0" branch="False" />
                <line number="41" hits="0" branch="False" />
              </lines>
            </method>
            <method name="ExecuteAsync" signature="(TCommand,System.Threading.CancellationToken)" line-rate="0" branch-rate="0" complexity="2">
              <lines>
                <line number="50" hits="0" branch="True" condition-coverage="0% (0/2)">
                  <conditions>
                    <condition number="33" type="jump" coverage="0%" />
                  </conditions>
                </line>
                <line number="51" hits="0" branch="False" />
                <line number="52" hits="0" branch="False" />
                <line number="53" hits="0" branch="False" />
                <line number="55" hits="0" branch="False" />
                <line number="56" hits="0" branch="False" />
                <line number="57" hits="0" branch="False" />
                <line number="58" hits="0" branch="False" />
                <line number="59" hits="0" branch="False" />
              </lines>
            </method>
            <method name=".ctor" signature="(System.IServiceProvider,Microsoft.Extensions.Logging.ILogger`1&lt;Outlet.Kernel.Shared.Mediator.Mediator&gt;)" line-rate="0" branch-rate="1" complexity="1">
              <lines>
                <line number="6" hits="0" branch="False" />
              </lines>
            </method>
          </methods>
          <lines>
            <line number="14" hits="0" branch="True" condition-coverage="0% (0/2)">
              <conditions>
                <condition number="33" type="jump" coverage="0%" />
              </conditions>
            </line>
            <line number="15" hits="0" branch="False" />
            <line number="16" hits="0" branch="False" />
            <line number="17" hits="0" branch="False" />
            <line number="19" hits="0" branch="False" />
            <line number="20" hits="0" branch="False" />
            <line number="21" hits="0" branch="False" />
            <line number="22" hits="0" branch="False" />
            <line number="23" hits="0" branch="False" />
            <line number="32" hits="0" branch="True" condition-coverage="0% (0/2)">
              <conditions>
                <condition number="33" type="jump" coverage="0%" />
              </conditions>
            </line>
            <line number="33" hits="0" branch="False" />
            <line number="34" hits="0" branch="False" />
            <line number="35" hits="0" branch="False" />
            <line number="37" hits="0" branch="False" />
            <line number="38" hits="0" branch="False" />
            <line number="39" hits="0" branch="False" />
            <line number="40" hits="0" branch="False" />
            <line number="41" hits="0" branch="False" />
            <line number="50" hits="0" branch="True" condition-coverage="0% (0/2)">
              <conditions>
                <condition number="33" type="jump" coverage="0%" />
              </conditions>
            </line>
            <line number="51" hits="0" branch="False" />
            <line number="52" hits="0" branch="False" />
            <line number="53" hits="0" branch="False" />
            <line number="55" hits="0" branch="False" />
            <line number="56" hits="0" branch="False" />
            <line number="57" hits="0" branch="False" />
            <line number="58" hits="0" branch="False" />
            <line number="59" hits="0" branch="False" />
            <line number="6" hits="0" branch="False" />
          </lines>
        </class>
        <class name="Outlet.Kernel.Shared.Mediator.Mediator/&lt;&gt;c__DisplayClass6_1`2" filename="Kernel.Shared/Outlet.Kernel.Shared/Mediator/Mediator.cs" line-rate="0" branch-rate="1" complexity="1">
          <methods>
            <method name="&lt;RunPipelineAsync&gt;b__0" signature="()" line-rate="0" branch-rate="1" complexity="1">
              <lines>
                <line number="78" hits="0" branch="False" />
              </lines>
            </method>
          </methods>
          <lines>
            <line number="78" hits="0" branch="False" />
          </lines>
        </class>
        <class name="Outlet.Kernel.Shared.Mediator.Mediator/&lt;RunPipelineAsync&gt;d__6`2" filename="Kernel.Shared/Outlet.Kernel.Shared/Mediator/Mediator.cs" line-rate="0" branch-rate="0" complexity="2">
          <methods>
            <method name="MoveNext" signature="()" line-rate="0" branch-rate="0" complexity="2">
              <lines>
                <line number="71" hits="0" branch="False" />
                <line number="73" hits="0" branch="False" />
                <line number="74" hits="0" branch="True" condition-coverage="0% (0/2)">
                  <conditions>
                    <condition number="139" type="jump" coverage="0%" />
                  </conditions>
                </line>
                <line number="76" hits="0" branch="False" />
                <line number="77" hits="0" branch="False" />
                <line number="81" hits="0" branch="False" />
                <line number="82" hits="0" branch="False" />
                <line number="83" hits="0" branch="False" />
              </lines>
            </method>
          </methods>
          <lines>
            <line number="71" hits="0" branch="False" />
            <line number="73" hits="0" branch="False" />
            <line number="74" hits="0" branch="True" condition-coverage="0% (0/2)">
              <conditions>
                <condition number="139" type="jump" coverage="0%" />
              </conditions>
            </line>
            <line number="76" hits="0" branch="False" />
            <line number="77" hits="0" branch="False" />
            <line number="81" hits="0" branch="False" />
            <line number="82" hits="0" branch="False" />
            <line number="83" hits="0" branch="False" />
          </lines>
        </class>
        <class name="Outlet.Kernel.Shared.Mediator.MediatorServiceCollectionExtensions" filename="Kernel.Shared/Outlet.Kernel.Shared/Mediator/MediatorServiceCollectionExtensions.cs" line-rate="0" branch-rate="0" complexity="20">
          <methods>
            <method name="AddMediator" signature="(Microsoft.Extensions.DependencyInjection.IServiceCollection,System.Action`1&lt;Outlet.Kernel.Shared.Mediator.PipelineBehaviorOptions&gt;)" line-rate="0" branch-rate="0" complexity="2">
              <lines>
                <line number="20" hits="0" branch="False" />
                <line number="22" hits="0" branch="False" />
                <line number="23" hits="0" branch="True" condition-coverage="0% (0/2)">
                  <conditions>
                    <condition number="15" type="jump" coverage="0%" />
                  </conditions>
                </line>
                <line number="24" hits="0" branch="False" />
                <line number="26" hits="0" branch="False" />
                <line number="27" hits="0" branch="False" />
                <line number="29" hits="0" branch="False" />
              </lines>
            </method>
            <method name="AddHandlersFromAssembly" signature="(Microsoft.Extensions.DependencyInjection.IServiceCollection,System.Reflection.Assembly[])" line-rate="0" branch-rate="0" complexity="2">
              <lines>
                <line number="39" hits="0" branch="True" condition-coverage="0% (0/2)">
                  <conditions>
                    <condition number="25" type="jump" coverage="0%" />
                  </conditions>
                </line>
                <line number="41" hits="0" branch="False" />
                <line number="43" hits="0" branch="False" />
              </lines>
            </method>
            <method name="RegisterHandlers" signature="(Microsoft.Extensions.DependencyInjection.IServiceCollection,System.Reflection.Assembly)" line-rate="0" branch-rate="0" complexity="16">
              <lines>
                <line number="48" hits="0" branch="True" condition-coverage="0% (0/4)">
                  <conditions>
                    <condition number="1" type="jump" coverage="0%" />
                    <condition number="9" type="jump" coverage="0%" />
                  </conditions>
                </line>
                <line number="50" hits="0" branch="True" condition-coverage="0% (0/2)">
                  <conditions>
                    <condition number="181" type="jump" coverage="0%" />
                  </conditions>
                </line>
                <line number="52" hits="0" branch="False" />
                <line number="54" hits="0" branch="True" condition-coverage="0% (0/2)">
                  <conditions>
                    <condition number="172" type="jump" coverage="0%" />
                  </conditions>
                </line>
                <line number="56" hits="0" branch="True" condition-coverage="0% (0/2)">
                  <conditions>
                    <condition number="86" type="jump" coverage="0%" />
                  </conditions>
                </line>
                <line number="59" hits="0" branch="False" />
                <line number="62" hits="0" branch="True" condition-coverage="0% (0/6)">
                  <conditions>
                    <condition number="114" type="jump" coverage="0%" />
                    <condition number="133" type="jump" coverage="0%" />
                    <condition number="152" type="jump" coverage="0%" />
                  </conditions>
                </line>
                <line number="63" hits="0" branch="False" />
                <line number="64" hits="0" branch="False" />
                <line number="66" hits="0" branch="False" />
                <line number="70" hits="0" branch="False" />
              </lines>
            </method>
          </methods>
          <lines>
            <line number="20" hits="0" branch="False" />
            <line number="22" hits="0" branch="False" />
            <line number="23" hits="0" branch="True" condition-coverage="0% (0/2)">
              <conditions>
                <condition number="15" type="jump" coverage="0%" />
              </conditions>
            </line>
            <line number="24" hits="0" branch="False" />
            <line number="26" hits="0" branch="False" />
            <line number="27" hits="0" branch="False" />
            <line number="29" hits="0" branch="False" />
            <line number="39" hits="0" branch="True" condition-coverage="0% (0/2)">
              <conditions>
                <condition number="25" type="jump" coverage="0%" />
              </conditions>
            </line>
            <line number="41" hits="0" branch="False" />
            <line number="43" hits="0" branch="False" />
            <line number="48" hits="0" branch="True" condition-coverage="0% (0/4)">
              <conditions>
                <condition number="1" type="jump" coverage="0%" />
                <condition number="9" type="jump" coverage="0%" />
              </conditions>
            </line>
            <line number="50" hits="0" branch="True" condition-coverage="0% (0/2)">
              <conditions>
                <condition number="181" type="jump" coverage="0%" />
              </conditions>
            </line>
            <line number="52" hits="0" branch="False" />
            <line number="54" hits="0" branch="True" condition-coverage="0% (0/2)">
              <conditions>
                <condition number="172" type="jump" coverage="0%" />
              </conditions>
            </line>
            <line number="56" hits="0" branch="True" condition-coverage="0% (0/2)">
              <conditions>
                <condition number="86" type="jump" coverage="0%" />
              </conditions>
            </line>
            <line number="59" hits="0" branch="False" />
            <line number="62" hits="0" branch="True" condition-coverage="0% (0/6)">
              <conditions>
                <condition number="114" type="jump" coverage="0%" />
                <condition number="133" type="jump" coverage="0%" />
                <condition number="152" type="jump" coverage="0%" />
              </conditions>
            </line>
            <line number="63" hits="0" branch="False" />
            <line number="64" hits="0" branch="False" />
            <line number="66" hits="0" branch="False" />
            <line number="70" hits="0" branch="False" />
          </lines>
        </class>
        <class name="Outlet.Kernel.Shared.Mediator.PipelineBehaviorOptions" filename="Kernel.Shared/Outlet.Kernel.Shared/Mediator/PipelineBehaviorOptions.cs" line-rate="0" branch-rate="1" complexity="1">
          <methods>
            <method name="get_SlowExecutionThreshold" signature="()" line-rate="0" branch-rate="1" complexity="1">
              <lines>
                <line number="12" hits="0" branch="False" />
              </lines>
            </method>
          </methods>
          <lines>
            <line number="12" hits="0" branch="False" />
          </lines>
        </class>
        <class name="Outlet.Kernel.Shared.Mediator.SlowExecutionBehavior`2" filename="Kernel.Shared/Outlet.Kernel.Shared/Mediator/SlowExecutionBehavior.cs" line-rate="0" branch-rate="1" complexity="1">
          <methods>
            <method name=".ctor" signature="(Microsoft.Extensions.Logging.ILogger`1&lt;Outlet.Kernel.Shared.Mediator.SlowExecutionBehavior`2&lt;TRequest,TResponse&gt;&gt;,Microsoft.Extensions.Options.IOptions`1&lt;Outlet.Kernel.Shared.Mediator.PipelineBehaviorOptions&gt;)" line-rate="0" branch-rate="1" complexity="1">
              <lines>
                <line number="7" hits="0" branch="False" />
                <line number="8" hits="0" branch="False" />
                <line number="9" hits="0" branch="False" />
                <line number="12" hits="0" branch="False" />
              </lines>
            </method>
          </methods>
          <lines>
            <line number="7" hits="0" branch="False" />
            <line number="8" hits="0" branch="False" />
            <line number="9" hits="0" branch="False" />
            <line number="12" hits="0" branch="False" />
          </lines>
        </class>
        <class name="Outlet.Kernel.Shared.Mediator.SlowExecutionBehavior`2/&lt;HandleAsync&gt;d__3" filename="Kernel.Shared/Outlet.Kernel.Shared/Mediator/SlowExecutionBehavior.cs" line-rate="0" branch-rate="0" complexity="2">
          <methods>
            <method name="MoveNext" signature="()" line-rate="0" branch-rate="0" complexity="2">
              <lines>
                <line number="19" hits="0" branch="False" />
                <line number="20" hits="0" branch="False" />
                <line number="21" hits="0" branch="False" />
                <line number="23" hits="0" branch="True" condition-coverage="0% (0/2)">
                  <conditions>
                    <condition number="161" type="jump" coverage="0%" />
                  </conditions>
                </line>
                <line number="25" hits="0" branch="False" />
                <line number="26" hits="0" branch="False" />
                <line number="27" hits="0" branch="False" />
                <line number="30" hits="0" branch="False" />
                <line number="31" hits="0" branch="False" />
              </lines>
            </method>
          </methods>
          <lines>
            <line number="19" hits="0" branch="False" />
            <line number="20" hits="0" branch="False" />
            <line number="21" hits="0" branch="False" />
            <line number="23" hits="0" branch="True" condition-coverage="0% (0/2)">
              <conditions>
                <condition number="161" type="jump" coverage="0%" />
              </conditions>
            </line>
            <line number="25" hits="0" branch="False" />
            <line number="26" hits="0" branch="False" />
            <line number="27" hits="0" branch="False" />
            <line number="30" hits="0" branch="False" />
            <line number="31" hits="0" branch="False" />
          </lines>
        </class>
      </classes>
    </package>
  </packages>
</coverage>